<?xml version='1.0'?>
<ns2:test-suite xmlns:ns2='urn:model.allure.qatools.yandex.ru' start='1643559399307' stop='1643559406642'>
    <name>Demo Feature: Run first demo feature</name>
    <title>Demo Feature: Run first demo feature</title>
    <test-cases>
        <test-case start='1643559399307' status='passed' stop='1643559399308'>
            <name></name>
            <title></title>
            <labels>
                <label name='language' value='javascript'/>
                <label name='framework' value='wdio'/>
                <label name='thread' value='0-0'/>
            </labels>
            <parameters>
                <parameter kind='argument' name='browser' value='chrome-97.0.4692.99'/>
            </parameters>
            <steps/>
            <attachments/>
        </test-case>
        <test-case start='1643559399308' status='passed' stop='1643559406327'>
            <name>Given Google page is opened</name>
            <title>Given Google page is opened</title>
            <labels>
                <label name='language' value='javascript'/>
                <label name='framework' value='wdio'/>
                <label name='thread' value='0-0'/>
            </labels>
            <parameters>
                <parameter kind='argument' name='browser' value='chrome-97.0.4692.99'/>
            </parameters>
            <steps>
                <step start='1643559399310' status='passed' stop='1643559400528'>
                    <name>POST /session/:sessionId/url</name>
                    <title>POST /session/:sessionId/url</title>
                    <attachments>
                        <attachment title='Request' source='8d1b0fbb-214b-4d3a-aebb-5401330b3647-attachment.json' type='application/json' size='38'/>
                    </attachments>
                    <steps/>
                </step>
            </steps>
            <attachments/>
        </test-case>
        <test-case start='1643559406328' status='passed' stop='1643559406612'>
            <name>When I search with WDIO</name>
            <title>When I search with WDIO</title>
            <labels>
                <label name='language' value='javascript'/>
                <label name='framework' value='wdio'/>
                <label name='thread' value='0-0'/>
            </labels>
            <parameters>
                <parameter kind='argument' name='browser' value='chrome-97.0.4692.99'/>
            </parameters>
            <steps>
                <step start='1643559406339' status='passed' stop='1643559406416'>
                    <name>POST /session/:sessionId/element</name>
                    <title>POST /session/:sessionId/element</title>
                    <attachments>
                        <attachment title='Request' source='0f0b4d67-df0a-49ef-b8b8-2250d5973808-attachment.json' type='application/json' size='52'/>
                        <attachment title='Response' source='016408b4-546a-4734-86ac-8c8608576504-attachment.json' type='application/json' size='83'/>
                    </attachments>
                    <steps/>
                </step>
                <step start='1643559406422' status='passed' stop='1643559406455'>
                    <name>POST /session/:sessionId/element/f3d3a50d-5502-49ad-a2cc-0b997de274e9/clear</name>
                    <title>POST /session/:sessionId/element/f3d3a50d-5502-49ad-a2cc-0b997de274e9/clear</title>
                    <attachments/>
                    <steps/>
                </step>
                <step start='1643559406457' status='passed' stop='1643559406608'>
                    <name>POST /session/:sessionId/element/f3d3a50d-5502-49ad-a2cc-0b997de274e9/value</name>
                    <title>POST /session/:sessionId/element/f3d3a50d-5502-49ad-a2cc-0b997de274e9/value</title>
                    <attachments>
                        <attachment title='Request' source='b7ce9c81-236a-4a33-ab35-10d279a102ef-attachment.json' type='application/json' size='20'/>
                    </attachments>
                    <steps/>
                </step>
                <step start='1643559406608' status='undefined'>
                    <name>POST /session/:sessionId/actions</name>
                    <title>POST /session/:sessionId/actions</title>
                    <attachments>
                        <attachment title='Request' source='825091b0-6eef-4658-b10e-8c4cb90cc548-attachment.json' type='application/json' size='249'/>
                    </attachments>
                    <steps/>
                </step>
            </steps>
            <attachments/>
        </test-case>
        <test-case start='1643559406612' status='passed' stop='1643559406618'>
            <name>And I click on the first search result</name>
            <title>And I click on the first search result</title>
            <labels>
                <label name='language' value='javascript'/>
                <label name='framework' value='wdio'/>
                <label name='thread' value='0-0'/>
            </labels>
            <parameters>
                <parameter kind='argument' name='browser' value='chrome-97.0.4692.99'/>
            </parameters>
            <steps>
                <step start='1643559406614' status='undefined'>
                    <name>POST /session/:sessionId/element</name>
                    <title>POST /session/:sessionId/element</title>
                    <attachments>
                        <attachment title='Request' source='70cd3025-2257-4635-90ac-f9a63a320941-attachment.json' type='application/json' size='42'/>
                    </attachments>
                    <steps/>
                </step>
            </steps>
            <attachments/>
        </test-case>
        <test-case start='1643559406618' status='failed' stop='1643559406638'>
            <name>Then URL should match https://webdriver.io/</name>
            <title>Then URL should match https://webdriver.io/</title>
            <labels>
                <label name='language' value='javascript'/>
                <label name='framework' value='wdio'/>
                <label name='thread' value='0-0'/>
            </labels>
            <parameters>
                <parameter kind='argument' name='browser' value='chrome-97.0.4692.99'/>
            </parameters>
            <steps>
                <step start='1643559406623' status='failed' stop='1643559406637'>
                    <name>GET /session/:sessionId/url</name>
                    <title>GET /session/:sessionId/url</title>
                    <attachments/>
                    <steps/>
                </step>
            </steps>
            <attachments/>
            <failure>
                <message>AssertionError: expected Promise{…} to equal 'https://webdriver.io/'</message>
                <stack-trace>AssertionError: expected Promise{…} to equal 'https://webdriver.io/'
                    at World.&lt;anonymous> (/Users/campbellforsyth/Documents/workspace/mdio-cucumber-e2e-test/test/features/step-definitions/demo.ts:24:25)
                    at World.executeAsync (/Users/campbellforsyth/Documents/workspace/mdio-cucumber-e2e-test/node_modules/@wdio/utils/build/shim.js:331:27)
                    at World.testFrameworkFnWrapper (/Users/campbellforsyth/Documents/workspace/mdio-cucumber-e2e-test/node_modules/@wdio/utils/build/test-framework/testFnWrapper.js:45:32)
                    at processTicksAndRejections (node:internal/process/task_queues:96:5)
                    at async Object.wrapPromiseWithTimeout (/Users/campbellforsyth/Documents/workspace/mdio-cucumber-e2e-test/node_modules/@cucumber/cucumber/src/time.ts:56:10)
                    at async Object.run (/Users/campbellforsyth/Documents/workspace/mdio-cucumber-e2e-test/node_modules/@cucumber/cucumber/src/user_code_runner.ts:86:16)
                    at async Object.run (/Users/campbellforsyth/Documents/workspace/mdio-cucumber-e2e-test/node_modules/@cucumber/cucumber/src/runtime/step_runner.ts:50:20)
                    at async TestCaseRunner.invokeStep (/Users/campbellforsyth/Documents/workspace/mdio-cucumber-e2e-test/node_modules/@cucumber/cucumber/src/runtime/test_case_runner.ts:130:12)
                    at async TestCaseRunner.runStep (/Users/campbellforsyth/Documents/workspace/mdio-cucumber-e2e-test/node_modules/@cucumber/cucumber/src/runtime/test_case_runner.ts:307:20)
                    at async /Users/campbellforsyth/Documents/workspace/mdio-cucumber-e2e-test/node_modules/@cucumber/cucumber/src/runtime/test_case_runner.ts:210:36</stack-trace>
            </failure>
        </test-case>
        <test-case start='1643559406638' status='passed' stop='1643559406641'>
            <name></name>
            <title></title>
            <labels>
                <label name='language' value='javascript'/>
                <label name='framework' value='wdio'/>
                <label name='thread' value='0-0'/>
            </labels>
            <parameters>
                <parameter kind='argument' name='browser' value='chrome-97.0.4692.99'/>
            </parameters>
            <steps/>
            <attachments/>
        </test-case>
    </test-cases>
</ns2:test-suite>